1616581784292	geckodriver	INFO	Listening on 127.0.0.1:55095
1616581784780	mozrunner::runner	INFO	Running command: "/usr/bin/firefox" "--marionette" "--remote-debugging-port" "0" "-foreground" "-no-remote" "-profile" "/tmp/rust_mozprofileMEXB74"
console.warn: SearchSettings: "get: No settings file exists, new profile?" (new Error("", "(unknown module)"))
DevTools listening on ws://localhost:37115/devtools/browser/8bb08d19-42bc-4d89-b352-93ac04113345
1616581787150	Marionette	INFO	Listening on port 35139
1616581787241	Marionette	WARN	TLS certificate errors will be ignored for this session
1616581799618	Marionette	INFO	Stopped listening on port 35139
JavaScript error: chrome://browser/content/browser-customization.js, line 166: NS_ERROR_NOT_INITIALIZED: 
!!! error running onStopped callback: TypeError: callback is not a function
1616581800062	RemoteAgent	ERROR	unable to stop listener: [Exception... "Component returned failure code: 0x8000ffff (NS_ERROR_UNEXPECTED) [nsIWindowMediator.getEnumerator]"  nsresult: "0x8000ffff (NS_ERROR_UNEXPECTED)"  location: "JS frame :: chrome://remote/content/observers/TargetObserver.jsm :: stop :: line 59"  data: no] Stack trace: stop()@TargetObserver.jsm:59
unwatchForTabs()@TargetList.jsm:71
unwatchForTargets()@TargetList.jsm:38
destructor()@TargetList.jsm:110
close()@RemoteAgent.jsm:123
1616581829944	geckodriver	INFO	Listening on 127.0.0.1:53681
1616581829949	mozrunner::runner	INFO	Running command: "/usr/bin/firefox" "--marionette" "--remote-debugging-port" "0" "-foreground" "-no-remote" "-profile" "/tmp/rust_mozprofileC1nyPq"
console.warn: SearchSettings: "get: No settings file exists, new profile?" (new Error("", "(unknown module)"))
DevTools listening on ws://localhost:46001/devtools/browser/dcc0560a-2862-45df-9e63-44c72f070653
1616581832238	Marionette	INFO	Listening on port 45181
1616581832298	Marionette	WARN	TLS certificate errors will be ignored for this session
1616581845608	Marionette	INFO	Stopped listening on port 45181
!!! error running onStopped callback: TypeError: callback is not a function
1616581846032	RemoteAgent	ERROR	unable to stop listener: [Exception... "Component returned failure code: 0x8000ffff (NS_ERROR_UNEXPECTED) [nsIWindowMediator.getEnumerator]"  nsresult: "0x8000ffff (NS_ERROR_UNEXPECTED)"  location: "JS frame :: chrome://remote/content/observers/TargetObserver.jsm :: stop :: line 59"  data: no] Stack trace: stop()@TargetObserver.jsm:59
unwatchForTabs()@TargetList.jsm:71
unwatchForTargets()@TargetList.jsm:38
destructor()@TargetList.jsm:110
close()@RemoteAgent.jsm:123
1616581877680	geckodriver	INFO	Listening on 127.0.0.1:48201
1616581877685	mozrunner::runner	INFO	Running command: "/usr/bin/firefox" "--marionette" "--remote-debugging-port" "0" "-foreground" "-no-remote" "-profile" "/tmp/rust_mozprofilemdSFof"
console.warn: SearchSettings: "get: No settings file exists, new profile?" (new Error("", "(unknown module)"))
DevTools listening on ws://localhost:36431/devtools/browser/24c6dbd3-b1f9-42ec-b388-99bca680d85a
1616581880555	Marionette	INFO	Listening on port 38131
1616581880640	Marionette	WARN	TLS certificate errors will be ignored for this session
1616581893738	Marionette	INFO	Stopped listening on port 38131
!!! error running onStopped callback: TypeError: callback is not a function
1616581894978	RemoteAgent	ERROR	unable to stop listener: [Exception... "Component returned failure code: 0x8000ffff (NS_ERROR_UNEXPECTED) [nsIWindowMediator.getEnumerator]"  nsresult: "0x8000ffff (NS_ERROR_UNEXPECTED)"  location: "JS frame :: chrome://remote/content/observers/TargetObserver.jsm :: stop :: line 59"  data: no] Stack trace: stop()@TargetObserver.jsm:59
unwatchForTabs()@TargetList.jsm:71
unwatchForTargets()@TargetList.jsm:38
destructor()@TargetList.jsm:110
close()@RemoteAgent.jsm:123
1617639779321	geckodriver	INFO	Listening on 127.0.0.1:48711
1617639779805	mozrunner::runner	INFO	Running command: "/usr/bin/firefox" "--marionette" "-headless" "--remote-debugging-port" "0" "-foreground" "-no-remote" "-profile" "/tmp/rust_mozprofilebsesM1"
*** You are running in headless mode.

(/usr/lib64/firefox/firefox:5081): GLib-GObject-CRITICAL **: 21:53:00.693: g_object_set: assertion 'G_IS_OBJECT (object)' failed

(/usr/lib64/firefox/firefox:5102): GLib-GObject-CRITICAL **: 21:53:00.820: g_object_set: assertion 'G_IS_OBJECT (object)' failed
console.warn: SearchSettings: "get: No settings file exists, new profile?" (new Error("", "(unknown module)"))
DevTools listening on ws://localhost:39101/devtools/browser/971b6865-eb74-4e9d-9448-04b3f33e7a0b
1617639781841	Marionette	INFO	Listening on port 34679

(/usr/lib64/firefox/firefox:5163): GLib-GObject-CRITICAL **: 21:53:01.905: g_object_set: assertion 'G_IS_OBJECT (object)' failed
1617639781952	Marionette	WARN	TLS certificate errors will be ignored for this session
JavaScript warning: https://www.amazon.in/s?k=Dell+Laptop line 6 > injectedScript, line 1: WebGL warning: <Create>: Can't use WebGL in headless mode (https://bugzil.la/1375585).
JavaScript warning: https://www.amazon.in/s?k=Dell+Laptop line 6 > injectedScript, line 1: Failed to create WebGL context: WebGL creation failed: 
* Can't use WebGL in headless mode (https://bugzil.la/1375585).
JavaScript warning: https://www.amazon.in/s?k=Dell+Laptop line 6 > injectedScript, line 1: WebGL warning: <Create>: Can't use WebGL in headless mode (https://bugzil.la/1375585).
JavaScript warning: https://www.amazon.in/s?k=Dell+Laptop line 6 > injectedScript, line 1: Failed to create WebGL context: WebGL creation failed: 
* Can't use WebGL in headless mode (https://bugzil.la/1375585).
1617639802084	Marionette	INFO	Stopped listening on port 34679
!!! error running onStopped callback: TypeError: callback is not a function
1617639803308	RemoteAgent	ERROR	unable to stop listener: [Exception... "Component returned failure code: 0x8000ffff (NS_ERROR_UNEXPECTED) [nsIWindowMediator.getEnumerator]"  nsresult: "0x8000ffff (NS_ERROR_UNEXPECTED)"  location: "JS frame :: chrome://remote/content/observers/TargetObserver.jsm :: stop :: line 59"  data: no] Stack trace: stop()@TargetObserver.jsm:59
unwatchForTabs()@TargetList.jsm:71
unwatchForTargets()@TargetList.jsm:38
destructor()@TargetList.jsm:110
close()@RemoteAgent.jsm:123
1617639813075	geckodriver	INFO	Listening on 127.0.0.1:41095
1617639813081	mozrunner::runner	INFO	Running command: "/usr/bin/firefox" "--marionette" "--remote-debugging-port" "0" "-foreground" "-no-remote" "-profile" "/tmp/rust_mozprofileJLfjoA"
console.warn: SearchSettings: "get: No settings file exists, new profile?" (new Error("", "(unknown module)"))
DevTools listening on ws://localhost:41367/devtools/browser/9eefe890-fb57-470a-b47f-15a47446fdb8
1617639815372	Marionette	INFO	Listening on port 34163
1617639815438	Marionette	WARN	TLS certificate errors will be ignored for this session
1617639825434	Marionette	INFO	Stopped listening on port 34163
!!! error running onStopped callback: TypeError: callback is not a function
1617639826654	RemoteAgent	ERROR	unable to stop listener: [Exception... "Component returned failure code: 0x8000ffff (NS_ERROR_UNEXPECTED) [nsIWindowMediator.getEnumerator]"  nsresult: "0x8000ffff (NS_ERROR_UNEXPECTED)"  location: "JS frame :: chrome://remote/content/observers/TargetObserver.jsm :: stop :: line 59"  data: no] Stack trace: stop()@TargetObserver.jsm:59
unwatchForTabs()@TargetList.jsm:71
unwatchForTargets()@TargetList.jsm:38
destructor()@TargetList.jsm:110
close()@RemoteAgent.jsm:123
1617639942171	geckodriver	INFO	Listening on 127.0.0.1:41989
1617639942176	mozrunner::runner	INFO	Running command: "/usr/bin/firefox" "--marionette" "--remote-debugging-port" "0" "-foreground" "-no-remote" "-profile" "/tmp/rust_mozprofilencVaZt"
console.warn: SearchSettings: "get: No settings file exists, new profile?" (new Error("", "(unknown module)"))
DevTools listening on ws://localhost:43531/devtools/browser/dff3b344-424d-420b-8a7e-06316b4485a3
1617639944401	Marionette	INFO	Listening on port 46081
1617639944529	Marionette	WARN	TLS certificate errors will be ignored for this session
SourceActor threw an exception: [Exception... "Failed to open input source 'file:///'"  nsresult: "0x80520015 (NS_ERROR_FILE_ACCESS_DENIED)"  location: "JS frame :: resource://devtools/shared/DevToolsUtils.js :: mainThreadFetch/< :: line 670"  data: yes]
Stack: mainThreadFetch/<@resource://devtools/shared/DevToolsUtils.js:670:15
mainThreadFetch@resource://devtools/shared/DevToolsUtils.js:516:10
_fetchURLContents@resource://devtools/server/actors/utils/sources-manager.js:439:22
urlContents@resource://devtools/server/actors/utils/sources-manager.js:406:17
_resurrectSource@resource://devtools/server/actors/thread.js:2106:35
addAllSources@resource://devtools/server/actors/thread.js:1464:14
watch@resource://devtools/server/actors/resources/sources.js:52:17
watchResources@resource://devtools/server/actors/resources/index.js:204:19
_watchTargetResources@resource://devtools/server/actors/targets/target-actor-mixin.js:68:24
addWatcherDataEntry@resource://devtools/server/actors/targets/target-actor-mixin.js:29:20
_addWatcherDataEntry@resource://devtools/server/connectors/js-window-actor/DevToolsFrameChild.jsm:411:24
receiveMessage@resource://devtools/server/connectors/js-window-actor/DevToolsFrameChild.jsm:353:21
Line: 670, column: 0
console.error: ({})
JavaScript error: resource://devtools/shared/DevToolsUtils.js, line 670: NS_ERROR_FILE_ACCESS_DENIED: Failed to open input source 'file:///'
1617639959022	Marionette	INFO	Stopped listening on port 46081
!!! error running onStopped callback: TypeError: callback is not a function
SourceActor threw an exception: Error: Failed to fetch https://www.amazon.in/s?k=Dell+Laptop. Code 2147500036.
Stack: onResponse@resource://devtools/shared/DevToolsUtils.js:556:16
onStopRequest@resource://gre/modules/NetUtil.jsm:128:18
Line: 556, column: 16
console.error: (new Error("Failed to fetch https://www.amazon.in/s?k=Dell+Laptop. Code 2147500036.", "resource://devtools/shared/DevToolsUtils.js", 556))
SourceActor threw an exception: Error: Failed to fetch https://aax-eu.amazon.in/e/xsp/getAdj?src=511&slot=auto-left-advertising-1&rid=0101665ddba7e03983fe1b9973a82986b14bfcaf3446eac4f32cd89520cf4bc55637&rj=%7B%7D&callback=aax_xsp_render_ad. Code 2147500036.
Stack: onResponse@resource://devtools/shared/DevToolsUtils.js:556:16
onStopRequest@resource://gre/modules/NetUtil.jsm:128:18
Line: 556, column: 16
console.error: (new Error("Failed to fetch https://aax-eu.amazon.in/e/xsp/getAdj?src=511&slot=auto-left-advertising-1&rid=0101665ddba7e03983fe1b9973a82986b14bfcaf3446eac4f32cd89520cf4bc55637&rj=%7B%7D&callback=aax_xsp_render_ad. Code 2147500036.", "resource://devtools/shared/DevToolsUtils.js", 556))
SourceActor threw an exception: Error: Failed to fetch https://aax-eu.amazon.in/e/xsp/getAdj?src=511&slot=auto-bottom-advertising-0&rid=0101665ddba7e03983fe1b9973a82986b14bfcaf3446eac4f32cd89520cf4bc55637&rj=%7B%7D&callback=aax_xsp_render_ad. Code 2147500036.
Stack: onResponse@resource://devtools/shared/DevToolsUtils.js:556:16
onStopRequest@resource://gre/modules/NetUtil.jsm:128:18
Line: 556, column: 16
console.error: (new Error("Failed to fetch https://aax-eu.amazon.in/e/xsp/getAdj?src=511&slot=auto-bottom-advertising-0&rid=0101665ddba7e03983fe1b9973a82986b14bfcaf3446eac4f32cd89520cf4bc55637&rj=%7B%7D&callback=aax_xsp_render_ad. Code 2147500036.", "resource://devtools/shared/DevToolsUtils.js", 556))
JavaScript error: resource://devtools/shared/DevToolsUtils.js, line 556: Error: Failed to fetch https://www.amazon.in/s?k=Dell+Laptop. Code 2147500036.
JavaScript error: resource://devtools/shared/DevToolsUtils.js, line 556: Error: Failed to fetch https://aax-eu.amazon.in/e/xsp/getAdj?src=511&slot=auto-left-advertising-1&rid=0101665ddba7e03983fe1b9973a82986b14bfcaf3446eac4f32cd89520cf4bc55637&rj=%7B%7D&callback=aax_xsp_render_ad. Code 2147500036.
JavaScript error: resource://devtools/shared/DevToolsUtils.js, line 556: Error: Failed to fetch https://aax-eu.amazon.in/e/xsp/getAdj?src=511&slot=auto-bottom-advertising-0&rid=0101665ddba7e03983fe1b9973a82986b14bfcaf3446eac4f32cd89520cf4bc55637&rj=%7B%7D&callback=aax_xsp_render_ad. Code 2147500036.

###!!! [Child][MessageChannel] Error: (msgtype=0x3A0146,name=PContent::Msg_ScriptError) Channel closing: too late to send/recv, messages will be lost

1617639961574	RemoteAgent	ERROR	unable to stop listener: [Exception... "Component returned failure code: 0x8000ffff (NS_ERROR_UNEXPECTED) [nsIWindowMediator.getEnumerator]"  nsresult: "0x8000ffff (NS_ERROR_UNEXPECTED)"  location: "JS frame :: chrome://remote/content/observers/TargetObserver.jsm :: stop :: line 59"  data: no] Stack trace: stop()@TargetObserver.jsm:59
unwatchForTabs()@TargetList.jsm:71
unwatchForTargets()@TargetList.jsm:38
destructor()@TargetList.jsm:110
close()@RemoteAgent.jsm:123
1617639979520	geckodriver	INFO	Listening on 127.0.0.1:34767
1617639979525	mozrunner::runner	INFO	Running command: "/usr/bin/firefox" "--marionette" "--remote-debugging-port" "0" "-foreground" "-no-remote" "-profile" "/tmp/rust_mozprofilebEvZK7"
console.warn: SearchSettings: "get: No settings file exists, new profile?" (new Error("", "(unknown module)"))
DevTools listening on ws://localhost:39825/devtools/browser/c712ad95-17dd-41d2-881f-23254bfd3b1d
1617639981857	Marionette	INFO	Listening on port 33237
1617639981981	Marionette	WARN	TLS certificate errors will be ignored for this session
SourceActor threw an exception: [Exception... "Failed to open input source 'file:///'"  nsresult: "0x80520015 (NS_ERROR_FILE_ACCESS_DENIED)"  location: "JS frame :: resource://devtools/shared/DevToolsUtils.js :: mainThreadFetch/< :: line 670"  data: yes]
Stack: mainThreadFetch/<@resource://devtools/shared/DevToolsUtils.js:670:15
mainThreadFetch@resource://devtools/shared/DevToolsUtils.js:516:10
_fetchURLContents@resource://devtools/server/actors/utils/sources-manager.js:439:22
urlContents@resource://devtools/server/actors/utils/sources-manager.js:406:17
_resurrectSource@resource://devtools/server/actors/thread.js:2106:35
addAllSources@resource://devtools/server/actors/thread.js:1464:14
watch@resource://devtools/server/actors/resources/sources.js:52:17
watchResources@resource://devtools/server/actors/resources/index.js:204:19
_watchTargetResources@resource://devtools/server/actors/targets/target-actor-mixin.js:68:24
addWatcherDataEntry@resource://devtools/server/actors/targets/target-actor-mixin.js:29:20
_addWatcherDataEntry@resource://devtools/server/connectors/js-window-actor/DevToolsFrameChild.jsm:411:24
receiveMessage@resource://devtools/server/connectors/js-window-actor/DevToolsFrameChild.jsm:353:21
Line: 670, column: 0
console.error: ({})
JavaScript error: resource://devtools/shared/DevToolsUtils.js, line 670: NS_ERROR_FILE_ACCESS_DENIED: Failed to open input source 'file:///'
1617640132593	geckodriver	INFO	Listening on 127.0.0.1:39889
1617640132598	mozrunner::runner	INFO	Running command: "/usr/bin/firefox" "--marionette" "--remote-debugging-port" "0" "-foreground" "-no-remote" "-profile" "/tmp/rust_mozprofile8rkWZH"
console.warn: SearchSettings: "get: No settings file exists, new profile?" (new Error("", "(unknown module)"))
DevTools listening on ws://localhost:35169/devtools/browser/dcd13d4a-c239-4980-a9cd-4a6409b4cd72
1617640134812	Marionette	INFO	Listening on port 39363
1617640134872	Marionette	WARN	TLS certificate errors will be ignored for this session
JavaScript error: , line 0: NotFoundError: No such JSWindowActor 'MarionetteEvents'
SourceActor threw an exception: [Exception... "Failed to open input source 'file:///'"  nsresult: "0x80520015 (NS_ERROR_FILE_ACCESS_DENIED)"  location: "JS frame :: resource://devtools/shared/DevToolsUtils.js :: mainThreadFetch/< :: line 670"  data: yes]
Stack: mainThreadFetch/<@resource://devtools/shared/DevToolsUtils.js:670:15
mainThreadFetch@resource://devtools/shared/DevToolsUtils.js:516:10
_fetchURLContents@resource://devtools/server/actors/utils/sources-manager.js:439:22
urlContents@resource://devtools/server/actors/utils/sources-manager.js:406:17
_resurrectSource@resource://devtools/server/actors/thread.js:2106:35
addAllSources@resource://devtools/server/actors/thread.js:1464:14
watch@resource://devtools/server/actors/resources/sources.js:52:17
watchResources@resource://devtools/server/actors/resources/index.js:204:19
_watchTargetResources@resource://devtools/server/actors/targets/target-actor-mixin.js:68:24
addWatcherDataEntry@resource://devtools/server/actors/targets/target-actor-mixin.js:29:20
_addWatcherDataEntry@resource://devtools/server/connectors/js-window-actor/DevToolsFrameChild.jsm:411:24
receiveMessage@resource://devtools/server/connectors/js-window-actor/DevToolsFrameChild.jsm:353:21
Line: 670, column: 0
console.error: ({})
JavaScript error: resource://devtools/shared/DevToolsUtils.js, line 670: NS_ERROR_FILE_ACCESS_DENIED: Failed to open input source 'file:///'
console.log: WebExtensions: reset-default-search: No addons in our list are installed.
!!! error running onStopped callback: TypeError: callback is not a function
1617641282989	Marionette	INFO	Stopped listening on port 39363
1617641283012	RemoteAgent	ERROR	unable to stop listener: [Exception... "Component returned failure code: 0x8000ffff (NS_ERROR_UNEXPECTED) [nsIWindowMediator.getEnumerator]"  nsresult: "0x8000ffff (NS_ERROR_UNEXPECTED)"  location: "JS frame :: chrome://remote/content/observers/TargetObserver.jsm :: stop :: line 59"  data: no] Stack trace: stop()@TargetObserver.jsm:59
unwatchForTabs()@TargetList.jsm:71
unwatchForTargets()@TargetList.jsm:38
destructor()@TargetList.jsm:110
close()@RemoteAgent.jsm:123
